c:\users\asus\desktop\cad\cad\x64\release\vc143.pdb
c:\users\asus\desktop\cad\cad\x64\release\源.obj
c:\users\asus\desktop\cad\cad\x64\release\oula_op.obj
c:\users\asus\desktop\cad\cad\x64\release\imgui_widgets.obj
c:\users\asus\desktop\cad\cad\x64\release\imgui_tables.obj
c:\users\asus\desktop\cad\cad\x64\release\imgui_impl_opengl2.obj
c:\users\asus\desktop\cad\cad\x64\release\imgui_impl_glfw.obj
c:\users\asus\desktop\cad\cad\x64\release\imgui_draw.obj
c:\users\asus\desktop\cad\cad\x64\release\imgui_demo.obj
c:\users\asus\desktop\cad\cad\x64\release\imgui.obj
c:\users\asus\desktop\cad\x64\release\cad.exe
c:\users\asus\desktop\cad\cad\x64\release\cad.ipdb
c:\users\asus\desktop\cad\x64\release\cad.pdb
c:\users\asus\desktop\cad\cad\x64\release\cad.iobj
c:\users\asus\desktop\cad\cad\x64\release\cad.tlog\cl.command.1.tlog
c:\users\asus\desktop\cad\cad\x64\release\cad.tlog\cl.read.1.tlog
c:\users\asus\desktop\cad\cad\x64\release\cad.tlog\cl.write.1.tlog
c:\users\asus\desktop\cad\cad\x64\release\cad.tlog\link.command.1.tlog
c:\users\asus\desktop\cad\cad\x64\release\cad.tlog\link.read.1.tlog
c:\users\asus\desktop\cad\cad\x64\release\cad.tlog\link.write.1.tlog
